0 info it worked if it ends with ok
1 verbose cli [ 'node',
1 verbose cli   '/usr/local/bin/npm',
1 verbose cli   'test',
1 verbose cli   'server/middleware/dbf-upload.js' ]
2 info using npm@1.4.28
3 info using node@v0.10.35
4 verbose node symlink /usr/bin/node
5 error Error: ENOENT, open '/Users/Theo/Sites/AmeliBis/node_modules/server/middleware/dbf-upload.js/package.json'
6 error If you need help, you may report this *entire* log,
6 error including the npm and node versions, at:
6 error     <http://github.com/npm/npm/issues>
7 error System Darwin 13.4.0
8 error command "node" "/usr/local/bin/npm" "test" "server/middleware/dbf-upload.js"
9 error cwd /Users/Theo/Sites/AmeliBis
10 error node -v v0.10.35
11 error npm -v 1.4.28
12 error path /Users/Theo/Sites/AmeliBis/node_modules/server/middleware/dbf-upload.js/package.json
13 error code ENOENT
14 error errno 34
15 verbose exit [ 34, true ]
